#
# There is insufficient memory for the Java Runtime Environment to continue.
# Native memory allocation (mmap) failed to map 260046848 bytes for Failed to commit area from 0x0000000709400000 to 0x0000000718c00000 of length 260046848.
# Possible reasons:
#   The system is out of physical RAM or swap space
#   The process is running with CompressedOops enabled, and the Java Heap may be blocking the growth of the native heap
# Possible solutions:
#   Reduce memory load on the system
#   Increase physical memory or swap space
#   Check if swap backing store is full
#   Decrease Java heap size (-Xmx/-Xms)
#   Decrease number of Java threads
#   Decrease Java thread stack sizes (-Xss)
#   Set larger code cache with -XX:ReservedCodeCacheSize=
# This output file may be truncated or incomplete.
#
#  Out of Memory Error (./open/src/hotspot/os/windows/os_windows.cpp:3283), pid=18220, tid=22084
#
# JRE version:  (11.0.17+10) (build )
# Java VM: Java HotSpot(TM) 64-Bit Server VM (11.0.17+10-LTS-269, mixed mode, sharing, tiered, compressed oops, g1 gc, windows-amd64)
# No core dump will be written. Minidumps are not enabled by default on client versions of Windows
#

---------------  S U M M A R Y ------------

Command Line: -Dfile.encoding=UTF-8 gui.home

Host: AMD Ryzen 5 4600H with Radeon Graphics         , 12 cores, 15G,  Windows 11 , 64 bit Build 22621 (10.0.22621.1928)
Time: Sat Jul 15 02:59:36 2023 Sri Lanka Standard Time elapsed time: 0.013614 seconds (0d 0h 0m 0s)

---------------  T H R E A D  ---------------

Current thread (0x000001c97fa32800):  JavaThread "Unknown thread" [_thread_in_vm, id=22084, stack(0x0000000e84000000,0x0000000e84100000)]

Stack: [0x0000000e84000000,0x0000000e84100000]
Native frames: (J=compiled Java code, j=interpreted, Vv=VM code, C=native code)
V  [jvm.dll+0x62b5da]
V  [jvm.dll+0x7653df]
V  [jvm.dll+0x766a89]
V  [jvm.dll+0x767113]
V  [jvm.dll+0x23dd28]
V  [jvm.dll+0x62896a]
V  [jvm.dll+0x61d625]
V  [jvm.dll+0x2f2d3c]
V  [jvm.dll+0x2f2bc2]
V  [jvm.dll+0x2f78e6]
V  [jvm.dll+0x33a2df]
V  [jvm.dll+0x339d10]
V  [jvm.dll+0x2d0368]
V  [jvm.dll+0x2d14d6]
V  [jvm.dll+0x73f9a7]
V  [jvm.dll+0x74123f]
V  [jvm.dll+0x347039]
V  [jvm.dll+0x725280]
V  [jvm.dll+0x3b5c1f]
V  [jvm.dll+0x3b7d31]
C  [jli.dll+0x5207]
C  [ucrtbase.dll+0x29363]
C  [KERNEL32.DLL+0x126ad]
C  [ntdll.dll+0x5aa68]


---------------  P R O C E S S  ---------------

Threads class SMR info:
_java_thread_list=0x000001c97eb34720, length=0, elements={
}

Java Threads: ( => current thread )

Other Threads:
  0x000001c97fa48800 GCTaskThread "GC Thread#0" [stack: 0x0000000e84100000,0x0000000e84200000] [id=34300]
  0x000001c97faa3800 ConcurrentGCThread "G1 Main Marker" [stack: 0x0000000e84200000,0x0000000e84300000] [id=25156]
  0x000001c97faa5800 ConcurrentGCThread "G1 Conc#0" [stack: 0x0000000e84300000,0x0000000e84400000] [id=26604]

[error occurred during error reporting (printing all threads), id 0xc0000005, EXCEPTION_ACCESS_VIOLATION (0xc0000005) at pc=0x00007ffddb0ff5f7]

VM state:not at safepoint (not fully initialized)

VM Mutex/Monitor currently owned by a thread:  ([mutex/lock_event])
[0x000001c97fa2e680] Heap_lock - owner thread: 0x000001c97fa32800

Heap address: 0x0000000709400000, size: 3948 MB, Compressed Oops mode: Non-zero based: 0x0000000709400000
Narrow klass base: 0x0000000000000000, Narrow klass shift: 0

GC Heap History (0 events):
No events

Deoptimization events (0 events):
No events

Classes redefined (0 events):
No events

Internal exceptions (0 events):
No events

Events (0 events):
No events


Dynamic libraries:
0x00007ff615a40000 - 0x00007ff615a4f000 	C:\Program Files\Java\jdk-11.0.17\bin\java.exe
0x00007ffe75bd0000 - 0x00007ffe75de4000 	C:\WINDOWS\SYSTEM32\ntdll.dll
0x00007ffe73a80000 - 0x00007ffe73b42000 	C:\WINDOWS\System32\KERNEL32.DLL
0x00007ffe72fd0000 - 0x00007ffe73373000 	C:\WINDOWS\System32\KERNELBASE.dll
0x00007ffe73660000 - 0x00007ffe73771000 	C:\WINDOWS\System32\ucrtbase.dll
0x00007ffe3a3d0000 - 0x00007ffe3a3e5000 	C:\Program Files\Java\jdk-11.0.17\bin\VCRUNTIME140.dll
0x00007ffe60d20000 - 0x00007ffe60d38000 	C:\Program Files\Java\jdk-11.0.17\bin\jli.dll
0x00007ffe73db0000 - 0x00007ffe73e5e000 	C:\WINDOWS\System32\ADVAPI32.dll
0x00007ffe75500000 - 0x00007ffe755a7000 	C:\WINDOWS\System32\msvcrt.dll
0x00007ffe75050000 - 0x00007ffe750f4000 	C:\WINDOWS\System32\sechost.dll
0x00007ffe75a70000 - 0x00007ffe75b87000 	C:\WINDOWS\System32\RPCRT4.dll
0x00007ffe73ff0000 - 0x00007ffe7419a000 	C:\WINDOWS\System32\USER32.dll
0x00007ffe734a0000 - 0x00007ffe734c6000 	C:\WINDOWS\System32\win32u.dll
0x00007ffe5ec70000 - 0x00007ffe5eefe000 	C:\WINDOWS\WinSxS\amd64_microsoft.windows.common-controls_6595b64144ccf1df_6.0.22621.1635_none_270f70857386168e\COMCTL32.dll
0x00007ffe73e60000 - 0x00007ffe73e89000 	C:\WINDOWS\System32\GDI32.dll
0x00007ffe73540000 - 0x00007ffe73659000 	C:\WINDOWS\System32\gdi32full.dll
0x00007ffe73380000 - 0x00007ffe7341a000 	C:\WINDOWS\System32\msvcp_win.dll
0x00007ffe6a980000 - 0x00007ffe6a98a000 	C:\WINDOWS\SYSTEM32\VERSION.dll
0x00007ffe74b60000 - 0x00007ffe74b91000 	C:\WINDOWS\System32\IMM32.DLL
0x00007ffe2efe0000 - 0x00007ffe2f07b000 	C:\Program Files\Java\jdk-11.0.17\bin\msvcp140.dll
0x00007ffddae20000 - 0x00007ffddb93a000 	C:\Program Files\Java\jdk-11.0.17\bin\server\jvm.dll
0x00007ffe75190000 - 0x00007ffe75198000 	C:\WINDOWS\System32\PSAPI.DLL
0x00007ffe602f0000 - 0x00007ffe602f9000 	C:\WINDOWS\SYSTEM32\WSOCK32.dll
0x00007ffe73cb0000 - 0x00007ffe73d21000 	C:\WINDOWS\System32\WS2_32.dll
0x00007ffe6abb0000 - 0x00007ffe6abe4000 	C:\WINDOWS\SYSTEM32\WINMM.dll
0x00007ffe71ff0000 - 0x00007ffe72008000 	C:\WINDOWS\SYSTEM32\kernel.appcore.dll
0x00007ffe43160000 - 0x00007ffe43170000 	C:\Program Files\Java\jdk-11.0.17\bin\verify.dll
0x00007ffe66f50000 - 0x00007ffe6717e000 	C:\WINDOWS\SYSTEM32\DBGHELP.DLL
0x00007ffe755b0000 - 0x00007ffe75939000 	C:\WINDOWS\System32\combase.dll
0x00007ffe73bd0000 - 0x00007ffe73ca7000 	C:\WINDOWS\System32\OLEAUT32.dll
0x00007ffe66600000 - 0x00007ffe66632000 	C:\WINDOWS\SYSTEM32\dbgcore.DLL
0x00007ffe73420000 - 0x00007ffe7349a000 	C:\WINDOWS\System32\bcryptPrimitives.dll
0x00007ffe37470000 - 0x00007ffe37498000 	C:\Program Files\Java\jdk-11.0.17\bin\java.dll
0x00007ffe43110000 - 0x00007ffe4311a000 	C:\Program Files\Java\jdk-11.0.17\bin\jimage.dll
0x00007ffe37450000 - 0x00007ffe37466000 	C:\Program Files\Java\jdk-11.0.17\bin\zip.dll

dbghelp: loaded successfully - version: 4.0.5 - missing functions: none
symbol engine: initialized successfully - sym options: 0x614 - pdb path: .;C:\Program Files\Java\jdk-11.0.17\bin;C:\WINDOWS\SYSTEM32;C:\WINDOWS\WinSxS\amd64_microsoft.windows.common-controls_6595b64144ccf1df_6.0.22621.1635_none_270f70857386168e;C:\Program Files\Java\jdk-11.0.17\bin\server

VM Arguments:
jvm_args: -Dfile.encoding=UTF-8 
java_command: gui.home
java_class_path (initial): C:\Users\USER\Documents\NetBeansProjects\Adyapana\lib\mysql-connector-java-8.0.24.jar;C:\Users\USER\Documents\NetBeansProjects\Adyapana\lib\flatlaf-3.1.1.jar;C:\Users\USER\Documents\NetBeansProjects\Adyapana\lib\absolutelayout\AbsoluteLayout.jar;C:\Users\USER\Documents\NetBeansProjects\Adyapana\lib\jcalendar-1.4.jar;C:\Users\USER\Documents\NetBeansProjects\Adyapana\lib\TimingFramework-0.55.jar;C:\Users\USER\Documents\NetBeansProjects\Adyapana\lib\swing-time-picker.jar;C:\Users\USER\Documents\NetBeansProjects\Adyapana\build\classes
Launcher Type: SUN_STANDARD

[Global flags]
     intx CICompilerCount                          = 4                                         {product} {ergonomic}
     uint ConcGCThreads                            = 3                                         {product} {ergonomic}
     uint G1ConcRefinementThreads                  = 10                                        {product} {ergonomic}
   size_t G1HeapRegionSize                         = 1048576                                   {product} {ergonomic}
    uintx GCDrainStackTargetSize                   = 64                                        {product} {ergonomic}
   size_t InitialHeapSize                          = 260046848                                 {product} {ergonomic}
   size_t MarkStackSize                            = 4194304                                   {product} {ergonomic}
   size_t MaxHeapSize                              = 4139778048                                {product} {ergonomic}
   size_t MinHeapDeltaBytes                        = 1048576                                   {product} {ergonomic}
    uintx NonNMethodCodeHeapSize                   = 5836300                                {pd product} {ergonomic}
    uintx NonProfiledCodeHeapSize                  = 122910970                              {pd product} {ergonomic}
    uintx ProfiledCodeHeapSize                     = 122910970                              {pd product} {ergonomic}
    uintx ReservedCodeCacheSize                    = 251658240                              {pd product} {ergonomic}
     bool SegmentedCodeCache                       = true                                      {product} {ergonomic}
     bool UseCompressedClassPointers               = true                                 {lp64_product} {ergonomic}
     bool UseCompressedOops                        = true                                 {lp64_product} {ergonomic}
     bool UseG1GC                                  = true                                      {product} {ergonomic}
     bool UseLargePagesIndividualAllocation        = false                                  {pd product} {ergonomic}

Logging:
Log output configuration:
 #0: stdout all=warning uptime,level,tags
 #1: stderr all=off uptime,level,tags

Environment Variables:
JAVA_HOME=C:\Program Files\Microsoft\jdk-11.0.17.8-hotspot
PATH=C:\Program Files\Common Files\Oracle\Java\javapath;C:\Program Files\Microsoft\jdk-11.0.17.8-hotspot\bin;C:\Python311\Scripts\;C:\Python311\;C:\Windows\system32;C:\Windows;C:\Windows\System32\Wbem;C:\Windows\System32\WindowsPowerShell\v1.0\;C:\Windows\System32\OpenSSH\;C:\Program Files (x86)\NVIDIA Corporation\PhysX\Common;C:\Program Files\NVIDIA Corporation\NVIDIA NvDLISR;C:\Program Files\dotnet\;C:\WINDOWS\system32;C:\WINDOWS;C:\WINDOWS\System32\Wbem;C:\WINDOWS\System32\WindowsPowerShell\v1.0\;C:\WINDOWS\System32\OpenSSH\;C:\Program Files\nodejs\;C:\ProgramData\chocolatey\bin;C:\xampp\php;C:\ProgramData\ComposerSetup\bin;C:\Program Files\Git\cmd;C:\Program Files\MySQL\MySQL Shell 8.0\bin\;C:\Users\USER\AppData\Local\Microsoft\WindowsApps;C:\Users\USER\AppData\Local\Programs\Microsoft VS Code\bin;C:\Users\USER\AppData\Roaming\npm;C:\Program Files\Microsoft\jdk-11.0.17.8-hotspot;C:\Users\USER\AppData\Local\Android\Sdk\platform-tools;C:\Users\USER\AppData\Roaming\Composer\vendor\bin;C:\Users\USER\AppData\Local\GitHubDesktop\bin
USERNAME=USER
OS=Windows_NT
PROCESSOR_IDENTIFIER=AMD64 Family 23 Model 96 Stepping 1, AuthenticAMD



---------------  S Y S T E M  ---------------

OS: Windows 11 , 64 bit Build 22621 (10.0.22621.1928)
Hyper-V role detected

CPU:total 12 (initial active 12) (12 cores per cpu, 2 threads per core) family 23 model 96 stepping 1 microcode 0x0, cmov, cx8, fxsr, mmx, sse, sse2, sse3, ssse3, sse4.1, sse4.2, popcnt, avx, avx2, aes, clmul, mmxext, 3dnowpref, lzcnt, sse4a, ht, tsc, tscinvbit, tscinv, bmi1, bmi2, adx, 

Memory: 4k page, system-wide physical 15790M (4854M free)
TotalPageFile size 20282M (AvailPageFile size 85M)
current process WorkingSet (physical memory assigned to process): 10M, peak: 10M
current process commit charge ("private bytes"): 64M, peak: 312M

vm_info: Java HotSpot(TM) 64-Bit Server VM (11.0.17+10-LTS-269) for windows-amd64 JRE (11.0.17+10-LTS-269), built on Sep 13 2022 19:26:37 by "mach5one" with MS VC++ 15.9 (VS2017)

END.
